[backblue.gif]
[fade.gif]
[index.html]
[localhost/index-2.html]
[localhost/images/jquery.minf43b.js]
[localhost/images/jquery-migrate.min5589.js]
[localhost/images/klass.min8d18.js]
[localhost/images/code.photoswipe.jquery-3.0.5.min8d18.js]
[localhost/images/jquery.easing5152.js]
[localhost/images/jquery.scrollup5152.js]
[localhost/images/modernizr1e39.js]
[localhost/images/mobmenu5e0b.js]
[localhost/images/xmlrpc0db0.php]
[localhost/index-3.html]
[localhost/images/girl.png]
[localhost/images/notredame.jpg]
[3.bp.blogspot.com/images/coronverses43.png]
[3.bp.blogspot.com/images/coronverses42.png]
[4.bp.blogspot.com/images/coronverses41.png]
[4.bp.blogspot.com/images/coronverses40.png]
[4.bp.blogspot.com/images/coronverses39.png]
[1.bp.blogspot.com/images/coronverses38.png]
[localhost/images/skip-link-focus-fixbab4.js]
[localhost/images/jquery.slicknav4a7d.js]
[localhost/index.html]
[localhost/images/pe2-display8ce6.css]
[localhost/images/mainbab4.js]
[localhost/images/loader.gif]
[localhost/images/error.gif]
[localhost/images/icons.png]
[localhost/images/photoswipe8d18.css]
[localhost/images/icons@2x.png]
[localhost/images/style.min1e39.css]
[localhost/images/admin-block5152.css]
[localhost/images/fontawesome-webfont3295.eot]
[localhost/images/fontawesome-webfontd41d.eot]
[localhost/images/fontawesome-webfont3295.woff2]
[localhost/images/fontawesome-webfont3295.woff]
[localhost/images/fontawesome-webfont3295.ttf]
[localhost/images/font-awesome.min11b8.css]
[localhost/images/hover5152.css]
[localhost/images/click-top-style97e1.css]
[localhost/images/fa-brands-400.eot]
[localhost/images/fa-brands-400.woff2]
[localhost/images/fa-brands-400.woff]
[localhost/images/fa-brands-400d41d.eot]
[localhost/images/fa-brands-400.ttf]
[localhost/images/fa-regular-400.eot]
[localhost/images/fa-regular-400d41d.eot]
[localhost/images/fa-regular-400.woff2]
[localhost/images/fa-regular-400.woff]
[localhost/images/fa-regular-400.ttf]
[localhost/images/fa-solid-900.eot]
[localhost/images/fa-solid-900.woff2]
[localhost/images/fa-solid-900d41d.eot]
[localhost/images/fa-solid-900.woff]
[localhost/images/fa-solid-900.ttf]
[localhost/images/all05c8.css]
[localhost/images/slicknav68b3.css]
[localhost/images/blockbab4.css]
[localhost/images/style1e39.css]
[localhost/images/responsivebab4.css]
[localhost/images/custom_script1e39.css]
[localhost/images/dynamic-mobmenu9daf.css]
[localhost/images/mobmenu327f.woff2]
[localhost/images/mobmenu327f.woff]
[localhost/images/mobmenu-icons1e39.css]
[localhost/images/mobmenu5e0b.css]
[localhost/images/1766.json]
[localhost/images/embedb966.json]
[localhost/images/embed7068]
[pastorscott.com/images/20230101_114211-scaled.jpg]
[pastorscott.com/images/20230101_114211-1024x768.jpg]
[pastorscott.com/images/black-bkg-grc-medium.jpg]
[pastorscott.com/images/p2028657.jpg]
[pastorscott.com/images/p2028657-300x239.jpg]
[www.pastorscott.com/images/quill-pen-150x104.jpg]
[1.bp.blogspot.com/images/img_20190627_172732.jpg]
[localhost/index-4.html]
[localhost/images/3507.json]
[localhost/images/embedc9e2.json]
[localhost/images/embed048f]
[localhost/index-5.html]
[localhost/images/3306.json]
[localhost/images/embed702f.json]
[localhost/images/embed4625]
[localhost/index-6.html]
[localhost/images/3.json]
[localhost/index-7.html]
[localhost/images/623.json]
[localhost/index-8.html]
[localhost/images/15.json]
[1.bp.blogspot.com/images/photo.jpg]
[localhost/images/checkmark.png]
[localhost/images/facebook-mobile-app-820x4201.jpg]
[localhost/images/thimbles-300x207.jpg]
[localhost/images/logo-pastor_appreciation_month-300x165.jpg]
[localhost/images/lets_make_a_deal_doors.jpg]
[localhost/index-10.html]
[localhost/images/72.json]
[localhost/index-11.html]
[localhost/images/80.json]
[lh3.googleusercontent.com/images/img_2465.jpg]
[lh3.googleusercontent.com/images/100_3734.jpg]
[lh3.googleusercontent.com/images/clearlakenaz.jpg]
[lh3.googleusercontent.com/images/photo_20150130_145029.jpg]
[localhost/index-12.html]
[localhost/images/969.json]
[localhost/images/embedc7dd.json]
[localhost/images/embedcc6a]
[localhost/index-13.html]
[localhost/images/1.json]
[localhost/index-121.html]
[localhost/index-123.html]
[localhost/index-125.html]
[1.bp.blogspot.com/images/coronverses04.png]
[3.bp.blogspot.com/images/2013-07-04 12.11.39.jpg]
[localhost/index-14.html]
[localhost/images/78.json]
[localhost/index-15.html]
[localhost/index-137.html]
[localhost/images/142.json]
[localhost/index-16.html]
[localhost/index-140.html]
[localhost/index-145.html]
[localhost/images/193.json]
[localhost/index-17.html]
[localhost/images/3084.json]
[localhost/images/embedade5.json]
[localhost/images/embed7030]
[localhost/index-18.html]
[localhost/images/40.json]
[localhost/index-160.html]
[localhost/index-161.html]
[4.bp.blogspot.com/images/2013-02-06+12.10.01.8b.delayed]
[localhost/index-162.html]
[localhost/index-163.html]
[localhost/images/2013-02-06-12.10.01.jpg]
[1.bp.blogspot.com/images/2013-02-06 12.10.51.jpg]
[localhost/images/2013-02-06-12.10.51.jpg]
[2.bp.blogspot.com/images/2013-02-06 12.11.04.jpg]
[localhost/images/2013-02-06-12.11.04.jpg]
[3.bp.blogspot.com/images/2013-02-06 12.10.19.jpg]
[localhost/images/2013-02-06-12.10.19.jpg]
[localhost/index-19.html]
[localhost/index-171.html]
[localhost/images/267.json]
[3.bp.blogspot.com/images/zachaeous.jpg]
[localhost/index-20.html]
[localhost/images/301.json]
[localhost/index-176.html]
[localhost/index-21.html]
[localhost/index-22.html]
[localhost/images/330.json]
[localhost/index-181.html]
[localhost/images/368.json]
[localhost/index-23.html]
[localhost/index-185.html]
[localhost/images/3062.json]
[localhost/images/embedcc18.json]
[localhost/images/embedfba3]
[localhost/index-24.html]
[localhost/index-186.html]
[localhost/images/621.json]
[3.bp.blogspot.com/images/coronverses37.png]
[3.bp.blogspot.com/images/coronverses36.png]
[4.bp.blogspot.com/images/coronverses35.png]
[localhost/index-25.html]
[localhost/images/3058.json]
[localhost/images/embed2575.json]
[localhost/images/embed532c]
[localhost/index-26.html]
[localhost/images/3056.json]
[localhost/images/embeddc3b.json]
[localhost/images/embed21b5]
[localhost/index-27.html]
[localhost/images/3054.json]
[localhost/images/embedfff6.json]
[localhost/images/embedf7af]
[localhost/index-28.html]
[localhost/images/3052.json]
[localhost/images/embeda59c.json]
[localhost/index-29.html]
[localhost/images/embed9425]
[localhost/images/3050.json]
[localhost/images/embed026b.json]
[localhost/images/embedeb48]
[localhost/index-30.html]
[localhost/images/3048.json]
[localhost/images/embed980f.json]
[localhost/images/embed1007]
[localhost/index-31.html]
[4.bp.blogspot.com/images/coronverses34.png]
[4.bp.blogspot.com/images/coronverses33.png]
[3.bp.blogspot.com/images/coronverses32.png]
[3.bp.blogspot.com/images/coronverses31.png]
[3.bp.blogspot.com/images/coronverses30.png]
[3.bp.blogspot.com/images/coronverses29.png]
[2.bp.blogspot.com/images/coronverses28.png]
[localhost/index-32.html]
[localhost/images/fontawesome-webfont3295.svg]
[localhost/images/fa-brands-400.svg]
[localhost/images/fa-regular-400.svg]
[localhost/images/fa-solid-900.svg]
[localhost/images/dynamic-mobmenub891.css]
[localhost/indexf770.html]
[localhost/images/dynamic-mobmenu9cb5.css]
[localhost/index60a4.html]
[localhost/index-199.html]
[localhost/images/9.json]
[localhost/index-33.html]
[localhost/index-201.html]
[localhost/images/11.json]
[localhost/index-34.html]
[localhost/index-203.html]
[localhost/images/25.json]
[2.bp.blogspot.com/images/pb232830.jpg]
[2.bp.blogspot.com/images/pb232830-2.jpg]
[4.bp.blogspot.com/images/pc012849.jpg]
[4.bp.blogspot.com/images/pc012849-2.jpg]
[3.bp.blogspot.com/images/pc012851.jpg]
[3.bp.blogspot.com/images/pc012851-2.jpg]
[1.bp.blogspot.com/images/pc012861.jpg]
[1.bp.blogspot.com/images/pc012861-2.jpg]
[photos1.blogger.com/images/pbp.gif]
[localhost/index-35.html]
[localhost/index-205.html]
[localhost/images/50.json]
[localhost/index-36.html]
[localhost/index-206.html]
[localhost/images/53.json]
[transformaelmundo.files.wordpress.com/images/phineas-bresee.jpg]
[localhost/index-37.html]
[localhost/index-208.html]
[localhost/images/61.json]
[lh4.googleusercontent.com/images/photo_20140502_173747.jpg]
[localhost/index-38.html]
[localhost/images/64.json]
[localhost/index-211.html]
[localhost/index-39.html]
[localhost/index-213.html]
[localhost/images/69.json]
[localhost/index-40.html]
[localhost/index-41.html]
[localhost/index-215.html]
[localhost/images/82.json]
[localhost/images/85.json]
[localhost/index-216.html]
[localhost/index-42.html]
[localhost/index-217.html]
[localhost/images/93.json]
[localhost/index-43.html]
[localhost/images/95.json]
[localhost/index-219.html]
[localhost/index-44.html]
[localhost/images/102.json]
[localhost/index-221.html]
[localhost/index-45.html]
[localhost/index-223.html]
[localhost/images/104.json]
[localhost/index-46.html]
[localhost/index-47.html]
[localhost/images/105.json]
[localhost/index-228.html]
[localhost/index-229.html]
[localhost/index-48.html]
[localhost/images/113.json]
[localhost/images/117.json]
[localhost/index-230.html]
[localhost/index-49.html]
[localhost/index-231.html]
[localhost/images/122.json]
[localhost/index-50.html]
[localhost/index-232.html]
[localhost/images/133.json]
[localhost/images/arose.jpg]
[localhost/index-51.html]
[localhost/index-52.html]
[localhost/images/135.json]
[localhost/index-235.html]
[localhost/index-53.html]
[localhost/index-237.html]
[localhost/images/136.json]
[localhost/images/140.json]
[localhost/index-238.html]
[localhost/index-54.html]
[localhost/index-240.html]
[localhost/index-55.html]
[localhost/images/152.json]
[localhost/images/153.json]
[localhost/index-241.html]
[localhost/index-56.html]
[localhost/index-243.html]
[localhost/images/165.json]
[localhost/index-57.html]
[localhost/index-58.html]
[localhost/images/166.json]
[localhost/index-245.html]
[localhost/index-59.html]
[localhost/images/168.json]
[localhost/index-247.html]
[localhost/images/169.json]
[localhost/index-248.html]
[localhost/index-60.html]
[localhost/index-249.html]
[localhost/images/170.json]
[localhost/index-61.html]
[localhost/index-251.html]
[localhost/images/171.json]
[localhost/index-62.html]
[localhost/images/181.json]
[localhost/index-63.html]
[localhost/index-255.html]
[localhost/images/616]
[localhost/index-64.html]
[localhost/index-256.html]
[localhost/index-257.html]
[localhost/images/185.json]
[localhost/index-65.html]
[localhost/index-258.html]
[localhost/images/202.json]
[localhost/index-66.html]
[localhost/index-259.html]
[localhost/images/203.json]
[localhost/index-67.html]
[localhost/images/205.json]
[localhost/index-68.html]
[localhost/images/215.json]
[localhost/index-69.html]
[localhost/index-263.html]
[localhost/index-264.html]
[localhost/index-265.html]
[localhost/images/216.json]
[localhost/index-70.html]
[localhost/images/218.json]
[localhost/index-71.html]
[localhost/index-268.html]
[localhost/images/219.json]
[localhost/index-72.html]
[localhost/index-269.html]
[localhost/index-270.html]
[localhost/images/220.json]
[localhost/index-73.html]
[localhost/images/229.json]
[localhost/index-74.html]
[localhost/index-273.html]
[localhost/images/232.json]
[localhost/index-274.html]
[localhost/index-75.html]
[localhost/images/233.json]
[localhost/index-276.html]
[localhost/index-76.html]
[localhost/index-277.html]
[localhost/images/234.json]
[localhost/index-77.html]
[localhost/index-78.html]
[localhost/index-279.html]
[localhost/images/235.json]
[localhost/index-280.html]
[localhost/images/239.json]
[localhost/index-79.html]
[localhost/images/249.json]
[localhost/index-80.html]
[localhost/index-283.html]
[localhost/index-284.html]
[localhost/images/251.json]
[localhost/index-81.html]
[localhost/index-285.html]
[localhost/images/253.json]
[localhost/index-82.html]
[localhost/index-286.html]
[localhost/images/255.json]
[localhost/index-83.html]
[localhost/images/457.json]
[localhost/index-84.html]
[localhost/index-288.html]
[localhost/images/257.json]
[localhost/index-289.html]
[localhost/index-85.html]
[localhost/index-290.html]
[localhost/images/262.json]
[localhost/index-86.html]
[localhost/index-291.html]
[localhost/images/268.json]
[localhost/index-87.html]
[localhost/index-292.html]
[localhost/images/272.json]
[localhost/index-88.html]
[localhost/index-294.html]
[localhost/images/277.json]
[localhost/index-89.html]
[localhost/index-295.html]
[localhost/images/279.json]
[localhost/index-90.html]
[localhost/images/282.json]
[localhost/index-91.html]
[localhost/index-296.html]
[localhost/images/286.json]
[localhost/index-297.html]
[localhost/index-92.html]
[localhost/index-298.html]
[localhost/images/297.json]
[localhost/index-93.html]
[localhost/images/298]
[localhost/index-94.html]
[localhost/index-299.html]
[localhost/index-300.html]
[localhost/images/302.json]
[localhost/index-95.html]
[localhost/images/305.json]
[localhost/index-96.html]
[localhost/index-304.html]
[localhost/index-306.html]
[localhost/images/306.json]
[localhost/index-97.html]
[localhost/index-307.html]
[localhost/images/304.json]
[localhost/index-98.html]
[localhost/images/307.json]
[localhost/index-99.html]
[localhost/index-308.html]
[localhost/index-309.html]
[localhost/images/327.json]
[localhost/index-100.html]
[localhost/index-311.html]
[localhost/images/329.json]
[localhost/index-101.html]
[localhost/images/331.json]
[localhost/index-102.html]
[localhost/index-314.html]
[localhost/images/334.json]
[localhost/index-103.html]
[localhost/index-317.html]
[localhost/index-318.html]
[localhost/images/337.json]
[localhost/index-104.html]
[localhost/index-319.html]
[localhost/images/346.json]
[localhost/index-105.html]
[localhost/index-320.html]
[localhost/images/459.json]
[localhost/index-106.html]
[localhost/images/347.json]
[localhost/index-107.html]
[localhost/index-321.html]
[localhost/images/357.json]
[localhost/index-108.html]
[localhost/index-322.html]
[localhost/index-324.html]
[localhost/images/458.json]
[localhost/index-109.html]
[localhost/index-325.html]
[localhost/images/358.json]
[localhost/index-110.html]
[localhost/index-326.html]
[localhost/images/359.json]
[localhost/index-111.html]
[localhost/index-327.html]
[localhost/images/360.json]
[localhost/index-112.html]
[localhost/index-328.html]
[localhost/images/362.json]
[localhost/index-113.html]
[localhost/images/363.json]
[localhost/index-114.html]
[localhost/index-329.html]
[localhost/index-330.html]
[localhost/images/366.json]
[localhost/index-115.html]
[localhost/index-331.html]
[localhost/images/389.json]
[localhost/index-116.html]
[localhost/index-332.html]
[localhost/images/391.json]
[localhost/index-117.html]
[localhost/index-333.html]
[localhost/images/393.json]
[localhost/index-118.html]
[localhost/images/397.json]
[localhost/index-119.html]
[localhost/index-334.html]
[localhost/images/439.json]
[localhost/index-335.html]
[localhost/index-120.html]
[localhost/images/dynamic-mobmenu1cd8.css]
[localhost/index8a01.html]
[localhost/images/dynamic-mobmenu8412.css]
[localhost/index-122.html]
[localhost/images/dynamic-mobmenu1043.css]
[localhost/index-124.html]
[localhost/images/dynamic-mobmenu25f9.css]
[localhost/images/2919.json]
[localhost/images/embed2d9a.json]
[localhost/images/embed2c8a]
[localhost/index-126.html]
[localhost/images/2833.json]
[localhost/images/embed9d93.json]
[localhost/images/embed1e55]
[localhost/index-127.html]
[localhost/images/2758.json]
[localhost/images/embeda1c6.json]
[localhost/images/embed26c6]
[localhost/index-128.html]
[localhost/images/2570.json]
[localhost/images/embed0030.json]
[localhost/images/embed29dc]
[localhost/index-129.html]
[localhost/images/618.json]
[localhost/index-130.html]
[localhost/index-341.html]
[localhost/images/2259.json]
[localhost/images/embed2852.json]
[localhost/images/embed5d30]
[localhost/index-131.html]
[localhost/images/2240.json]
[localhost/images/embedc6a6.json]
[localhost/images/embed779d]
[localhost/index-132.html]
[localhost/images/2221.json]
[localhost/images/embed7df0.json]
[localhost/images/embed48f2]
[localhost/index-133.html]
[localhost/images/2132.json]
[localhost/images/embed890e.json]
[localhost/images/embede797]
[localhost/index-134.html]
[localhost/images/448.json]
[localhost/index-135.html]
[localhost/index-342.html]
[localhost/index-136.html]
[localhost/images/dynamic-mobmenu260f.css]
[localhost/images/2257.json]
[localhost/images/embed203a.json]
[localhost/images/embed66ab]
[localhost/index-138.html]
[localhost/images/782.json]
[localhost/images/embed17fd.json]
[localhost/images/embedd059]
[localhost/index-139.html]
[localhost/images/dynamic-mobmenu6a8f.css]
[localhost/images/2893.json]
[localhost/images/embed9473.json]
[localhost/images/embed901a]
[localhost/index-141.html]
[localhost/images/2553.json]
[localhost/images/embed971b.json]
[localhost/images/embed8250]
[localhost/index-142.html]
[localhost/images/466.json]
[localhost/index-143.html]
[localhost/index-343.html]
[localhost/images/1453.json]
[localhost/images/embed95b0.json]
[localhost/images/embedfa8c]
[localhost/index-144.html]
[localhost/images/dynamic-mobmenuc2aa.css]
[localhost/indexb2a8.html]
[localhost/images/dynamic-mobmenu789a.css]
[localhost/images/2972.json]
[localhost/images/embeda55a.json]
[localhost/images/embed4ae0]
[localhost/index-146.html]
[localhost/images/2540.json]
[localhost/images/embed5d69.json]
[localhost/images/embedb1b7]
[localhost/index-147.html]
[localhost/images/2653.json]
[localhost/images/embed7296.json]
[localhost/images/embed2869]
[localhost/index-148.html]
[localhost/images/2342.json]
[localhost/images/embed41b5.json]
[localhost/images/embed1c9e]
[localhost/index-149.html]
[localhost/index-346.html]
[localhost/images/460.json]
[localhost/index-150.html]
[localhost/index-347.html]
[localhost/images/421.json]
[localhost/index-151.html]
[localhost/images/2179.json]
[localhost/images/embed9777.json]
[localhost/images/embed87d0]
[localhost/index-152.html]
[localhost/index-348.html]
[localhost/images/452.json]
[localhost/index-153.html]
[localhost/index-349.html]
[localhost/images/451.json]
[localhost/index-154.html]
[localhost/images/453.json]
[localhost/index-350.html]
[localhost/index-155.html]
[localhost/images/2173.json]
[localhost/images/embedb4b1.json]
[localhost/images/embed7cd0]
[localhost/index-156.html]
[localhost/index-351.html]
[localhost/images/449.json]
[localhost/index-157.html]
[localhost/index-352.html]
[localhost/images/450.json]
[localhost/index-158.html]
[localhost/index-159.html]
[localhost/images/dynamic-mobmenu71d1.css]
[localhost/images/dynamic-mobmenu9237.css]
[localhost/images/dynamic-mobmenudcd2.css]
[localhost/images/dynamic-mobmenua712.css]
[localhost/indexcb51.html]
[localhost/images/dynamic-mobmenu226e.css]
[localhost/images/2346.json]
[localhost/images/embedfcf3.json]
[localhost/images/embeddf83]
[localhost/index-164.html]
[localhost/images/1437.json]
[localhost/images/embede636.json]
[localhost/images/embed5d8c]
[localhost/index-165.html]
[localhost/images/1394.json]
[localhost/images/embed5734.json]
[localhost/images/embed9488]
[localhost/index-166.html]
[localhost/images/1273.json]
[localhost/images/embed892f.json]
[localhost/images/embeda5a3]
[localhost/index-167.html]
[localhost/images/432.json]
[localhost/index-168.html]
[localhost/index-353.html]
[localhost/images/785.json]
[localhost/images/embeda4b4.json]
[localhost/images/embed0074]
[localhost/index-169.html]
[localhost/index-354.html]
[localhost/images/395.json]
[localhost/index-170.html]
[localhost/images/dynamic-mobmenud365.css]
[localhost/images/2614.json]
[localhost/images/embedc32c.json]
[localhost/images/embed7993]
[localhost/index-172.html]
[localhost/images/2285.json]
[localhost/images/embed2353.json]
[localhost/images/embed0177]
[localhost/index-173.html]
[localhost/images/2217.json]
[localhost/images/embed3c72.json]
[localhost/images/embedca3d]
[localhost/index-174.html]
[localhost/index-355.html]
[localhost/images/431.json]
[localhost/index-175.html]
[localhost/images/dynamic-mobmenuaa2e.css]
[localhost/images/2544.json]
[localhost/images/embed8626.json]
[localhost/images/embedf6df]
[localhost/index-177.html]
[localhost/images/2655.json]
[localhost/images/embed1ca1.json]
[localhost/images/embede399]
[localhost/index-178.html]
[localhost/images/2591.json]
[localhost/images/embedf7c1.json]
[localhost/images/embed16ec]
[localhost/index-179.html]
[localhost/index-180.html]
[localhost/images/dynamic-mobmenu2bad.css]
[localhost/images/1818.json]
[localhost/images/embed526a.json]
[localhost/images/embed0f6b]
[localhost/index-182.html]
[localhost/images/1803.json]
[localhost/images/embed8599.json]
[localhost/images/embedc0f3]
[localhost/index-183.html]
[localhost/index-184.html]
[localhost/images/dynamic-mobmenub942.css]
[localhost/images/dynamic-mobmenud741.css]
[localhost/indexfc9e.html]
[localhost/images/dynamic-mobmenu81fd.css]
[localhost/images/3046.json]
[localhost/images/embede929.json]
[localhost/images/embed02d2]
[localhost/index-187.html]
[localhost/images/3044.json]
[localhost/images/embedfb0c.json]
[localhost/images/embedfccd]
[localhost/index-188.html]
[localhost/images/3040.json]
[localhost/images/embed9a97.json]
[localhost/images/embedcc98]
[localhost/index-189.html]
[2.bp.blogspot.com/images/coronverses27.png]
[4.bp.blogspot.com/images/coronverses26.png]
[2.bp.blogspot.com/images/coronverses25.png]
[localhost/index-190.html]
[localhost/images/dynamic-mobmenu7d45.css]
[localhost/index4144.html]
[localhost/images/dynamic-mobmenu6de9.css]
[localhost/index01aa.html]
[localhost/images/dynamic-mobmenue645.css]
[localhost/index5dc8.html]
[localhost/images/dynamic-mobmenuf044.css]
[localhost/index56f2.html]
[localhost/images/dynamic-mobmenu851d.css]
[localhost/index275d.html]
[localhost/images/dynamic-mobmenub4e6.css]
[localhost/indexd9e7.html]
[localhost/images/dynamic-mobmenu9d90.css]
[localhost/images/3038.json]
[localhost/images/embed9484.json]
[localhost/images/embed0e0c]
[localhost/index-191.html]
[localhost/images/3035.json]
[localhost/images/embedd1ac.json]
[localhost/images/embed0d46]
[localhost/index-192.html]
[localhost/images/3033.json]
[localhost/images/embed627a.json]
[localhost/images/embed4096]
[localhost/index-193.html]
[localhost/images/3031.json]
[localhost/images/embedcc64.json]
[localhost/images/embed236a]
[localhost/index-194.html]
[localhost/images/3028.json]
[localhost/images/embede2e5.json]
[localhost/images/embed62e9]
[localhost/index-195.html]
[localhost/images/3026.json]
[localhost/images/embed26d8.json]
[localhost/images/embed8e08]
[localhost/index-196.html]
[localhost/images/3024.json]
[localhost/images/embed70b9.json]
[localhost/images/embedf4fb]
[localhost/index-197.html]
[1.bp.blogspot.com/images/coronverses24.png]
[3.bp.blogspot.com/images/coronverses23.png]
[2.bp.blogspot.com/images/coronverses22.png]
[1.bp.blogspot.com/images/coronverses21.png]
[3.bp.blogspot.com/images/coronverses20.png]
[1.bp.blogspot.com/images/coronverses19.png]
[1.bp.blogspot.com/images/coronverses18.png]
[localhost/index-198.html]
[localhost/images/dynamic-mobmenua735.css]
[localhost/images/817.json]
[localhost/images/embed3d99.json]
[localhost/index-200.html]
[localhost/images/dynamic-mobmenuf81c.css]
[localhost/images/embeda561]
[localhost/images/802.json]
[localhost/images/embedb3cb.json]
[localhost/images/embed65ae]
[localhost/index-202.html]
[localhost/images/dynamic-mobmenu198f.css]
[localhost/images/901.json]
[localhost/images/embedae6c.json]
[localhost/index-204.html]
[localhost/images/dynamic-mobmenueba1.css]
[localhost/images/dynamic-mobmenu8ef1.css]
[localhost/images/embed689b]
[localhost/images/1805.json]
[localhost/images/embede0e3.json]
[localhost/images/embed5c82]
[localhost/index-207.html]
[localhost/images/dynamic-mobmenu23bb.css]
[localhost/images/2277.json]
[localhost/images/embed4ab9.json]
[localhost/images/embed5b30]
[localhost/index-209.html]
[localhost/images/1695.json]
[localhost/images/embed1dcf.json]
[localhost/images/embed98f9]
[localhost/index-210.html]
[localhost/images/dynamic-mobmenu1d89.css]
[localhost/images/1392.json]
[localhost/images/embed278a.json]
[localhost/images/embedb4c7]
[localhost/index-212.html]
[localhost/images/dynamic-mobmenu657b.css]
[localhost/images/801.json]
[localhost/images/embed2510.json]
[localhost/images/embed73f2]
[localhost/index-214.html]
[localhost/images/dynamic-mobmenub399.css]
[localhost/images/dynamic-mobmenu6496.css]
[localhost/images/dynamic-mobmenud75c.css]
[localhost/images/1465.json]
[localhost/images/embed7dd4.json]
[localhost/images/embede852]
[localhost/index-218.html]
[localhost/images/dynamic-mobmenu00d7.css]
[localhost/images/2632.json]
[localhost/images/embedd7d3.json]
[localhost/images/embedafd7]
[localhost/index-220.html]
[localhost/images/dynamic-mobmenu02eb.css]
[localhost/images/806.json]
[localhost/images/embed39b6.json]
[localhost/images/embed5ba0]
[localhost/index-222.html]
[localhost/images/dynamic-mobmenud359.css]
[localhost/images/2748.json]
[localhost/images/embedd67a.json]
[localhost/images/embed1346]
[localhost/index-224.html]
[localhost/images/2744.json]
[localhost/images/embed2e2e.json]
[localhost/images/embedfc8e]
[localhost/index-225.html]
[localhost/images/2536.json]
[localhost/images/embedd296.json]
[localhost/images/embed384e]
[localhost/index-226.html]
[localhost/images/1439.json]
[localhost/images/embed5013.json]
[localhost/images/embed0fb7]
[localhost/index-227.html]
[localhost/images/dynamic-mobmenub295.css]
[localhost/images/dynamic-mobmenu8332.css]
[localhost/images/dynamic-mobmenu878f.css]
[localhost/images/dynamic-mobmenuc920.css]
[localhost/images/dynamic-mobmenu15c5.css]
[localhost/images/2626.json]
[localhost/images/embed8041.json]
[localhost/images/embed70f7]
[localhost/index-233.html]
[localhost/images/1441.json]
[localhost/images/embed161e.json]
[localhost/images/embed6b1c]
[localhost/index-234.html]
[localhost/images/dynamic-mobmenubb4b.css]
[localhost/images/793.json]
[localhost/images/embed88e7.json]
[localhost/images/embed8add]
[localhost/index-236.html]
[localhost/images/dynamic-mobmenu7776.css]
[localhost/images/dynamic-mobmenu0df6.css]
[localhost/images/1413.json]
[localhost/images/embed67b4.json]
[localhost/images/embed0c5f]
[localhost/index-239.html]
[localhost/images/dynamic-mobmenu774d.css]
[localhost/images/dynamic-mobmenued90.css]
[localhost/images/781.json]
[localhost/images/embed2857.json]
[localhost/images/embede8e4]
[localhost/index-242.html]
[localhost/images/dynamic-mobmenu0852.css]
[localhost/images/835.json]
[localhost/images/embed1b3f.json]
[localhost/images/embede62e]
[localhost/index-244.html]
[localhost/images/dynamic-mobmenua206.css]
[localhost/images/843.json]
[localhost/images/embed7589.json]
[localhost/images/embed7ccd]
[localhost/index-246.html]
[localhost/images/dynamic-mobmenuc576.css]
[localhost/images/dynamic-mobmenu758a.css]
[localhost/images/dynamic-mobmenue31a.css]
[localhost/images/805.json]
[localhost/images/embedf825.json]
[localhost/images/embed0775]
[localhost/index-250.html]
[localhost/images/dynamic-mobmenu271a.css]
[localhost/images/1798.json]
[localhost/images/embed958d.json]
[localhost/images/embed9f2e]
[localhost/index-252.html]
[localhost/images/1796.json]
[localhost/images/embedca78.json]
[localhost/images/embed0872]
[localhost/index-253.html]
[localhost/images/1794.json]
[localhost/images/embedfc39.json]
[localhost/images/embedeff8]
[localhost/index-254.html]
[localhost/images/dynamic-mobmenu651d.css]
[localhost/images/dynamic-mobmenubcba.css]
[localhost/images/dynamic-mobmenu0f70.css]
[localhost/images/dynamic-mobmenua5f5.css]
[localhost/images/dynamic-mobmenu3153.css]
[localhost/images/803.json]
[localhost/images/embeda461.json]
[localhost/images/embed9ac8]
[localhost/index-260.html]
[localhost/images/788.json]
[localhost/images/embed15d9.json]
[localhost/images/embed05c6]
[localhost/index-261.html]
[localhost/images/406.json]
[localhost/index-262.html]
[localhost/images/dynamic-mobmenuc996.css]
[localhost/index-370.html]
[localhost/images/819.json]
[localhost/images/embede0e3-2.json]
[localhost/images/embed5009]
[localhost/index-266.html]
[localhost/images/813.json]
[localhost/images/embed8860.json]
[localhost/images/embed5c12]
[localhost/index-267.html]
[localhost/images/dynamic-mobmenu1c64.css]
[localhost/images/dynamic-mobmenu9dff.css]
[localhost/images/1387.json]
[localhost/images/embedb582.json]
[localhost/images/embedc3ba]
[localhost/index-271.html]
[localhost/images/438.json]
[localhost/index-272.html]
[localhost/images/dynamic-mobmenu4357.css]
[localhost/images/dynamic-mobmenu7c58.css]
[localhost/index-371.html]
[localhost/images/853.json]
[localhost/images/embed5518.json]
[localhost/images/embed999f]
[localhost/index-275.html]
[localhost/images/dynamic-mobmenueff4.css]
[localhost/images/dynamic-mobmenu253c.css]
[localhost/images/799.json]
[localhost/images/embed40b6.json]
[localhost/images/embedac86]
[localhost/index-278.html]
[localhost/images/dynamic-mobmenu8737.css]
[localhost/images/dynamic-mobmenu0d4b.css]
[localhost/images/865.json]
[localhost/images/embed490a.json]
[localhost/images/embed8650]
[localhost/index-281.html]
[localhost/index-372.html]
[localhost/images/394.json]
[localhost/index-282.html]
[localhost/images/dynamic-mobmenu3ae8.css]
[localhost/images/dynamic-mobmenue26a.css]
[localhost/images/dynamic-mobmenuf14f.css]
[localhost/images/dynamic-mobmenua148.css]
[localhost/images/1784.json]
[localhost/images/embed2324.json]
[localhost/images/embedafed]
[localhost/index-287.html]
[localhost/images/dynamic-mobmenuf4de.css]
[localhost/images/dynamic-mobmenu8e85.css]
[localhost/images/dynamic-mobmenuee51.css]
[localhost/images/dynamic-mobmenue09c.css]
[localhost/images/dynamic-mobmenuc9b1.css]
[localhost/images/1789.json]
[localhost/images/embed127c.json]
[localhost/images/embed6590]
[localhost/index-293.html]
[localhost/images/dynamic-mobmenu6df0.css]
[localhost/images/dynamic-mobmenu7f3e.css]
[localhost/images/dynamic-mobmenu6f97.css]
[localhost/images/dynamic-mobmenu74db.css]
[localhost/images/dynamic-mobmenu9ef3.css]
[localhost/images/1525.json]
[localhost/images/embed5472.json]
[localhost/images/embedebc4]
[localhost/index-301.html]
[localhost/images/1360.json]
[localhost/images/embede7d6.json]
[localhost/images/embedb420]
[localhost/index-302.html]
[localhost/images/1353.json]
[localhost/images/embed7a9b.json]
[localhost/images/embed3936]
[localhost/index-303.html]
[localhost/images/dynamic-mobmenu3c01.css]
[localhost/index-305.html]
[localhost/images/dynamic-mobmenu86ad.css]
[localhost/images/dynamic-mobmenucecb.css]
[localhost/images/dynamic-mobmenu5566.css]
[localhost/images/795.json]
[localhost/images/embed5805.json]
[localhost/images/embedff78]
[localhost/index-310.html]
[localhost/images/dynamic-mobmenuec8a.css]
[localhost/images/809.json]
[localhost/images/embed3ce6.json]
[localhost/images/embed2e1e]
[localhost/index-312.html]
[localhost/index-373.html]
[localhost/images/400.json]
[localhost/index-313.html]
[localhost/images/2209.json]
[localhost/images/embed0f4a.json]
[localhost/images/embed6857]
[localhost/index-315.html]
[localhost/index-374.html]
[localhost/images/456.json]
[localhost/index-316.html]
[localhost/images/dynamic-mobmenucdb8.css]
[localhost/images/dynamic-mobmenu13e8.css]
[localhost/images/dynamic-mobmenuf0b3.css]
[localhost/images/dynamic-mobmenu7417.css]
[localhost/images/2219.json]
[localhost/images/embed7265.json]
[localhost/images/embedea99]
[localhost/index-323.html]
[localhost/images/dynamic-mobmenua7b9.css]
[localhost/images/dynamic-mobmenu8a83.css]
[localhost/images/dynamic-mobmenu9ccd.css]
[localhost/images/dynamic-mobmenu8c0d.css]
[localhost/images/dynamic-mobmenu59ea.css]
[localhost/images/dynamic-mobmenu8415.css]
[localhost/images/dynamic-mobmenu12e4.css]
[localhost/images/dynamic-mobmenu276f.css]
[localhost/images/dynamic-mobmenua1a6.css]
[localhost/images/dynamic-mobmenud350.css]
[localhost/images/dynamic-mobmenu161e.css]
[localhost/images/dynamic-mobmenu63c7.css]
[localhost/images/2599.json]
[localhost/images/embed5d45.json]
[localhost/images/embed9034]
[localhost/index-336.html]
[localhost/index-375.html]
[localhost/images/619.json]
[localhost/index-337.html]
[localhost/images/dynamic-mobmenu6e49.css]
[localhost/index-338.html]
[localhost/images/dynamic-mobmenu5d75.css]
[localhost/index-339.html]
[localhost/images/dynamic-mobmenueb5e.css]
[localhost/indexccfb.html]
[localhost/images/2966.json]
[localhost/images/embedc119.json]
[localhost/images/embedcc9b]
[1.bp.blogspot.com/images/coronverses1.png]
[localhost/index-340.html]
[localhost/images/dynamic-mobmenu8c1c.css]
[localhost/index7994.html]
[localhost/indexc446.html]
[localhost/images/dynamic-mobmenu900b.css]
[localhost/index151a.html]
[localhost/images/dynamic-mobmenuf109.css]
[localhost/indexaaa5.html]
[localhost/images/dynamic-mobmenu0770.css]
[localhost/index52de.html]
[localhost/index4775.html]
[localhost/images/dynamic-mobmenua798.css]
[localhost/indexee0c.html]
[localhost/images/dynamic-mobmenu0fe6.css]
[localhost/images/dynamic-mobmenu3a4d.css]
[localhost/images/dynamic-mobmenu035f.css]
[localhost/indexbe4b.html]
[localhost/images/dynamic-mobmenua8b5.css]
[localhost/indexe83f.html]
[localhost/images/dynamic-mobmenu1b19.css]
[localhost/indexa896.html]
[localhost/images/dynamic-mobmenue029.css]
[localhost/index605c.html]
[localhost/images/dynamic-mobmenua5a4.css]
[localhost/images/dynamic-mobmenua586.css]
[localhost/index2582.html]
[localhost/images/dynamic-mobmenud08b.css]
[localhost/index4e45.html]
[localhost/images/2970.json]
[localhost/images/embed6771.json]
[localhost/images/embed5567]
[4.bp.blogspot.com/images/coronverses3.png]
[localhost/index-344.html]
[localhost/images/2974.json]
[localhost/images/embede700.json]
[localhost/images/embedaa8a]
[2.bp.blogspot.com/images/coronverses05.png]
[localhost/index-345.html]
[localhost/images/dynamic-mobmenucbf9.css]
[localhost/index976f.html]
[localhost/images/dynamic-mobmenuf8be.css]
[localhost/index3a9c.html]
[localhost/images/dynamic-mobmenuac45.css]
[localhost/indexeeae.html]
[localhost/images/dynamic-mobmenudc85.css]
[localhost/images/dynamic-mobmenu5927.css]
[localhost/images/dynamic-mobmenueae8.css]
[localhost/indexa6b4.html]
[localhost/images/dynamic-mobmenufdcb.css]
[localhost/images/dynamic-mobmenu7813.css]
[localhost/images/dynamic-mobmenu83a1.css]
[localhost/images/dynamic-mobmenu6687.css]
[localhost/indexf72f.html]
[localhost/images/dynamic-mobmenu9bf7.css]
[localhost/images/dynamic-mobmenu1fb2.css]
[localhost/images/dynamic-mobmenu61af.css]
[localhost/images/dynamic-mobmenud132.css]
[localhost/index85f6.html]
[localhost/images/dynamic-mobmenu59fa.css]
[localhost/index7979.html]
[localhost/images/dynamic-mobmenua90b.css]
[localhost/indexcff5.html]
[localhost/images/dynamic-mobmenub77c.css]
[localhost/indexe6c6.html]
[localhost/images/dynamic-mobmenu91c5.css]
[localhost/images/dynamic-mobmenu337f.css]
[localhost/index6996.html]
[localhost/images/dynamic-mobmenu1d38.css]
[localhost/index1697.html]
[localhost/index7f8f.html]
[localhost/indexe1a1.html]
[localhost/images/dynamic-mobmenu2930.css]
[localhost/images/dynamic-mobmenu2f31.css]
[localhost/index16e3.html]
[localhost/index486d.html]
[localhost/images/dynamic-mobmenu926b.css]
[localhost/indexecda.html]
[localhost/images/1620.json]
[localhost/images/embedbea2.json]
[localhost/images/embed595b]
[localhost/index-356.html]
[localhost/images/399.json]
[localhost/index-357.html]
[localhost/images/dynamic-mobmenu907f.css]
[localhost/indexb4ea.html]
[localhost/images/dynamic-mobmenu1f22.css]
[localhost/index477d.html]
[localhost/images/dynamic-mobmenu8b17.css]
[localhost/images/dynamic-mobmenu730a.css]
[localhost/index17f8.html]
[localhost/images/dynamic-mobmenu3e66.css]
[localhost/index08a9.html]
[localhost/images/dynamic-mobmenu321a.css]
[localhost/index1142.html]
[localhost/images/dynamic-mobmenu0afd.css]
[localhost/index-380.html]
[localhost/images/3022.json]
[localhost/images/embed00d5.json]
[localhost/images/embed12a5]
[localhost/index-358.html]
[localhost/images/3020.json]
[localhost/images/embede4b1.json]
[localhost/images/embed8419]
[localhost/index-359.html]
[localhost/images/3018.json]
[localhost/images/embed057b.json]
[localhost/images/embed3d3d]
[localhost/index-360.html]
[1.bp.blogspot.com/images/coronverses17.png]
[1.bp.blogspot.com/images/coronverses16.png]
[3.bp.blogspot.com/images/coronverses15.png]
[localhost/index-361.html]
[localhost/indexe6ee.html]
[localhost/images/dynamic-mobmenu71e9.css]
[localhost/index8192.html]
[localhost/images/dynamic-mobmenu5a40.css]
[localhost/index3d31.html]
[localhost/images/dynamic-mobmenuebfc.css]
[localhost/index0fef.html]
[localhost/images/dynamic-mobmenu80ea.css]
[localhost/index3c52.html]
[localhost/images/dynamic-mobmenu197b.css]
[localhost/index3408.html]
[localhost/images/dynamic-mobmenuc786.css]
[localhost/index7b41.html]
[localhost/images/dynamic-mobmenu73ad.css]
[localhost/images/3016.json]
[localhost/images/embed33bd.json]
[localhost/images/embed800e]
[localhost/index-362.html]
[localhost/images/3013.json]
[localhost/images/embed3bd7.json]
[localhost/images/embed772a]
[localhost/index-363.html]
[localhost/images/3011.json]
[localhost/images/embed8d59.json]
[localhost/images/embed26d0]
[localhost/index-364.html]
[localhost/images/3009.json]
[localhost/images/embed860e.json]
[localhost/images/embed2bba]
[localhost/index-365.html]
[localhost/images/3006.json]
[localhost/images/embed4299.json]
[localhost/images/embed73f3]
[localhost/index-366.html]
[localhost/images/3004.json]
[localhost/images/embeda639.json]
[localhost/images/embed973b]
[localhost/index-367.html]
[localhost/images/3002.json]
[localhost/images/embedef76.json]
[localhost/images/embedb56a]
[localhost/index-368.html]
[1.bp.blogspot.com/images/coronverses14.png]
[3.bp.blogspot.com/images/coronverses13.png]
[1.bp.blogspot.com/images/coronverses12.png]
[3.bp.blogspot.com/images/coronverses11.png]
[4.bp.blogspot.com/images/coronverses10.png]
[3.bp.blogspot.com/images/coronverses09.png]
[1.bp.blogspot.com/images/coronverses08.png]
[localhost/index-369.html]
[localhost/images/dynamic-mobmenu195f.css]
[localhost/indexeba0.html]
[localhost/images/dynamic-mobmenuf7bd.css]
[localhost/indexe98c.html]
[localhost/images/dynamic-mobmenu9ce4.css]
[localhost/indexead7.html]
[localhost/images/dynamic-mobmenuac84.css]
[localhost/indexaf4f.html]
[localhost/images/dynamic-mobmenudffb.css]
[localhost/indexf4ac.html]
[localhost/images/dynamic-mobmenub7b3.css]
[localhost/indexef72.html]
[localhost/indexd486.html]
[localhost/images/dynamic-mobmenu084f.css]
[localhost/indexa013.html]
[localhost/images/dynamic-mobmenudee6.css]
[localhost/index209a.html]
[localhost/images/dynamic-mobmenu8faa.css]
[localhost/index4592.html]
[localhost/images/dynamic-mobmenu119f.css]
[localhost/index20df.html]
[localhost/images/dynamic-mobmenu39c6.css]
[localhost/index21a5.html]
[localhost/images/dynamic-mobmenu8081.css]
[localhost/indexb280.html]
[localhost/indexe445.html]
[localhost/index3898.html]
[localhost/images/dynamic-mobmenucbd4.css]
[localhost/index3d4f.html]
[localhost/images/dynamic-mobmenu606d.css]
[localhost/indexcde5.html]
[localhost/images/dynamic-mobmenuf110.css]
[localhost/index01f7.html]
[localhost/indexc190.html]
[localhost/images/dynamic-mobmenufcf7.css]
[localhost/index4aec.html]
[localhost/images/dynamic-mobmenue691.css]
[localhost/index7a13.html]
[localhost/images/dynamic-mobmenud444.css]
[localhost/index6a26.html]
[localhost/images/dynamic-mobmenua792.css]
[localhost/index028e.html]
[localhost/images/dynamic-mobmenuda6a.css]
[localhost/indexe23a.html]
[localhost/images/dynamic-mobmenu4b09.css]
[localhost/index922d.html]
[localhost/images/dynamic-mobmenu4234.css]
[localhost/index4b30.html]
[localhost/images/dynamic-mobmenubadb.css]
[localhost/index9628.html]
[localhost/images/dynamic-mobmenu845a.css]
[localhost/indexc2d1.html]
[localhost/images/dynamic-mobmenuad62.css]
[localhost/index094a.html]
[localhost/images/dynamic-mobmenu25ca.css]
[localhost/index9ab8.html]
[localhost/indexbb3a.html]
[localhost/images/dynamic-mobmenu3871.css]
[localhost/index9fe1.html]
[localhost/indexa49c.html]
[localhost/index2d45.html]
[localhost/images/dynamic-mobmenu74a3.css]
[localhost/images/dynamic-mobmenue4a1.css]
[localhost/indexbf1a.html]
[localhost/images/dynamic-mobmenu6c37.css]
[localhost/index3dfd.html]
[localhost/images/dynamic-mobmenu06a9.css]
[localhost/indexe2de.html]
[localhost/images/dynamic-mobmenuc12c.css]
[localhost/index1ce4.html]
[localhost/images/dynamic-mobmenub30d.css]
[localhost/index2193.html]
[localhost/images/dynamic-mobmenue385.css]
[localhost/index043e.html]
[localhost/indexf53a.html]
[localhost/images/dynamic-mobmenu152f.css]
[localhost/images/dynamic-mobmenu5c95.css]
[localhost/index4a9b.html]
[localhost/images/dynamic-mobmenu4813.css]
[localhost/images/dynamic-mobmenu9794.css]
[localhost/index6617.html]
[localhost/index692b.html]
[localhost/images/dynamic-mobmenu6453.css]
[localhost/images/dynamic-mobmenu54aa.css]
[localhost/index-376.html]
[localhost/images/dynamic-mobmenu466e.css]
[localhost/index-377.html]
[localhost/index97c4.html]
[localhost/images/2968.json]
[localhost/images/embed4005.json]
[localhost/images/embed7f11]
[4.bp.blogspot.com/images/coronverses2.png]
[localhost/index-378.html]
[localhost/images/dynamic-mobmenu3089.css]
[localhost/index9a07.html]
[localhost/index2870.html]
[localhost/images/2976.json]
[localhost/images/embedf660.json]
[localhost/images/embedcfb5]
[4.bp.blogspot.com/images/coronverses06.png]
[localhost/index-379.html]
[localhost/images/dynamic-mobmenu1651.css]
[localhost/index8df3.html]
[localhost/images/dynamic-mobmenu58e4.css]
[localhost/index9d51.html]
[localhost/images/dynamic-mobmenua6ec.css]
[localhost/index2941.html]
[localhost/index7adf.html]
[localhost/images/dynamic-mobmenuc124.css]
[localhost/images/3000.json]
[localhost/images/embed8d9b.json]
[localhost/images/embed35a5]
[localhost/index-381.html]
[localhost/images/2997.json]
[localhost/images/embed3444.json]
[localhost/images/embed1c1c]
[localhost/index-382.html]
[localhost/images/2995.json]
[localhost/images/embed30a3.json]
[localhost/images/embede808]
[localhost/index-383.html]
[3.bp.blogspot.com/images/coronverses07.png]
[localhost/index-384.html]
[localhost/images/dynamic-mobmenu6dc0.css]
[localhost/indexc794.html]
[localhost/indexb5e2.html]
[localhost/indexbd4e.html]
[localhost/indexf65c.html]
[localhost/images/dynamic-mobmenu225d.css]
[localhost/indexe820.html]
[localhost/images/dynamic-mobmenu2046.css]
[localhost/indexea5a.html]
[localhost/images/dynamic-mobmenu0e66.css]
[localhost/indexafaa.html]
[localhost/images/dynamic-mobmenu2e37.css]
[localhost/images/2993.json]
[localhost/images/embeddd2a.json]
[localhost/images/embed222f]
[localhost/index-385.html]
[localhost/images/2991.json]
[localhost/images/embedd3c1.json]
[localhost/images/embed0d8c]
[localhost/index-386.html]
[localhost/images/2989.json]
[localhost/images/embed4fc9.json]
[localhost/images/embed1f56]
[localhost/index-387.html]
[localhost/images/2987.json]
[localhost/images/embed76cc.json]
[localhost/images/embede643]
[localhost/index-388.html]
[localhost/images/2984.json]
[localhost/images/embed9f23.json]
[localhost/images/embed3a76]
[localhost/index-389.html]
[localhost/images/2982.json]
[localhost/images/embed40be.json]
[localhost/images/embed3fa0]
[localhost/index-390.html]
[localhost/images/622.json]
[localhost/index-391.html]
[localhost/index-398.html]
[localhost/images/2980.json]
[localhost/images/embed1ba6.json]
[localhost/images/embed6b96]
[localhost/index-392.html]
[localhost/index-393.html]
[localhost/images/dynamic-mobmenuf199.css]
[localhost/index-394.html]
[localhost/images/dynamic-mobmenu8d51.css]
[localhost/index-395.html]
[localhost/images/dynamic-mobmenue2ca.css]
[localhost/indexcffa.html]
[localhost/images/dynamic-mobmenu962a.css]
[localhost/indexaa2d.html]
[localhost/images/2978.json]
[localhost/images/embed31c0.json]
[localhost/index-396.html]
[localhost/images/dynamic-mobmenuc56d.css]
[localhost/indexf745.html]
[localhost/indexa4d5.html]
[localhost/images/dynamic-mobmenu4efa.css]
[localhost/index1b7a.html]
[localhost/images/dynamic-mobmenud206.css]
[localhost/images/embed31c1]
[localhost/index-397.html]
[localhost/images/dynamic-mobmenu10c1.css]
[localhost/index00b0.html]
[localhost/images/dynamic-mobmenu1916.css]
[localhost/indexc119.html]
[localhost/indexe4fe.html]
[localhost/images/dynamic-mobmenu4ec1.css]
[localhost/index3ae6.html]
[localhost/images/dynamic-mobmenu8840.css]
[localhost/index2cb4.html]
[localhost/images/dynamic-mobmenufcf1.css]
[localhost/indexc3b1.html]
[localhost/images/dynamic-mobmenu65ca.css]
[localhost/indexdf1a.html]
[localhost/images/dynamic-mobmenu9afd.css]
[localhost/index-399.html]
[localhost/images/dynamic-mobmenu075e.css]
[localhost/index-400.html]
[localhost/index-401.html]
[localhost/images/dynamic-mobmenu5d8b.css]
[localhost/indexae17.html]
[localhost/images/dynamic-mobmenuaa26.css]
[localhost/images/dynamic-mobmenu8012.css]
[localhost/index-402.html]
[localhost/images/dynamic-mobmenuf695.css]
[localhost/index-403.html]
[localhost/images/dynamic-mobmenu2d99.css]
[localhost/index-404.html]
[localhost/images/dynamic-mobmenubcfd.css]
[localhost/index-405.html]
[localhost/images/dynamic-mobmenube10.css]
[localhost/index-406.html]
[localhost/index-407.html]
[localhost/images/dynamic-mobmenu60c5.css]
[localhost/index-408.html]
[localhost/images/dynamic-mobmenu43e6.css]
[localhost/index-409.html]
[localhost/images/dynamic-mobmenu59a9.css]
[localhost/index-410.html]
[localhost/images/dynamic-mobmenu5c87.css]
[localhost/index-411.html]
[localhost/images/dynamic-mobmenuc551.css]
[localhost/index-412.html]
[localhost/images/dynamic-mobmenu1f93.css]
[localhost/index-413.html]
[localhost/index-414.html]
[localhost/images/dynamic-mobmenuae5e.css]
[localhost/index-415.html]
[localhost/images/dynamic-mobmenub8f2.css]
[localhost/index-416.html]
[localhost/index-417.html]
[localhost/images/dynamic-mobmenub518.css]
[localhost/index-418.html]
[localhost/images/dynamic-mobmenu84bc.css]
[localhost/index-419.html]
[localhost/index-420.html]
[localhost/images/dynamic-mobmenu4347.css]
[localhost/index-421.html]
[localhost/images/dynamic-mobmenud33a.css]
[localhost/index-422.html]
[localhost/images/dynamic-mobmenub991.css]
[localhost/images/dynamic-mobmenu767c.css]
